# project ns (3-dev) configured on Sun Aug 30 23:41:20 2015 by
# waf 1.8.12 (abi 98, python 20706f0 on linux2)
# using ./waf -d debug --enable-examples --enable-tests --enable-sudo configure
#
----------------------------------------
Setting top to
/home/marcos/workspace/ns-3-allinone/ns-3-dev
----------------------------------------
Setting out to
/home/marcos/workspace/ns-3-allinone/ns-3-dev/build
----------------------------------------
Checking for 'gcc' (C compiler)
find program=['gcc', 'cc'] paths=['/usr/local/sbin', '/usr/local/bin', '/usr/sbin', '/usr/bin', '/sbin', '/bin', '/usr/games', '/usr/local/games', '/usr/local/bin/android-sdk-macosx/', '/usr/local/bin/android-sdk-macosx/platform-tools/', '/Users/marcosschratzenstaller/workspace/wp-cli/bin'] var='CC' -> ['/usr/bin/gcc']
find program=['ar'] paths=['/usr/local/sbin', '/usr/local/bin', '/usr/sbin', '/usr/bin', '/sbin', '/bin', '/usr/games', '/usr/local/games', '/usr/local/bin/android-sdk-macosx/', '/usr/local/bin/android-sdk-macosx/platform-tools/', '/Users/marcosschratzenstaller/workspace/wp-cli/bin'] var='AR' -> ['/usr/bin/ar']
/usr/bin/gcc
----------------------------------------
Checking for cc version
4.8.4
----------------------------------------
Checking for 'g++' (C++ compiler)
find program=['g++', 'c++'] paths=['/usr/local/sbin', '/usr/local/bin', '/usr/sbin', '/usr/bin', '/sbin', '/bin', '/usr/games', '/usr/local/games', '/usr/local/bin/android-sdk-macosx/', '/usr/local/bin/android-sdk-macosx/platform-tools/', '/Users/marcosschratzenstaller/workspace/wp-cli/bin'] var='CXX' -> ['/usr/bin/g++']
(tool ar is already loaded, skipping)
/usr/bin/g++
---------------------------------------------------------
Checking for compilation flag -Wl,--soname=foo... support
==>
int main() { return 0; }
<==
[1/1] Compiling [32mbuild/.conf_check_80d72968145e1d01b16a8faf69fa48c6/test.cpp[0m

['/usr/bin/g++', '-O0', '-ggdb', '-g3', '-Wall', '-Werror', '-Wl,--soname=foo', '-DNS3_BUILD_PROFILE_DEBUG', '-DNS3_ASSERT_ENABLE', '-DNS3_LOG_ENABLE', '../test.cpp', '-c', '-o', '/home/marcos/workspace/ns-3-allinone/ns-3-dev/build/.conf_check_80d72968145e1d01b16a8faf69fa48c6/testbuild/test.cpp.1.o']
ok
---------------------------------------------------------
Checking for program 'python'
/usr/bin/python
find program=['python'] paths=['/usr/local/sbin', '/usr/local/bin', '/usr/sbin', '/usr/bin', '/sbin', '/bin', '/usr/games', '/usr/local/games', '/usr/local/bin/android-sdk-macosx/', '/usr/local/bin/android-sdk-macosx/platform-tools/', '/Users/marcosschratzenstaller/workspace/wp-cli/bin'] var='PYTHON' -> ['/usr/bin/python']
['/usr/bin/python', '-c', 'import imp;print(imp.get_tag())']
err: Traceback (most recent call last):
  File "<string>", line 1, in <module>
AttributeError: 'module' object has no attribute 'get_tag'

['/usr/bin/python', '-c', 'import sys\nfor x in sys.version_info: print(str(x))']
out: 2
7
6
final
0

['/usr/bin/python', '-c', "from distutils.sysconfig import get_config_var, get_python_lib\n\nprint(repr(get_python_lib(standard_lib=0, prefix='/usr/local') or ''))"]
out: '/usr/local/lib/python2.7/dist-packages'

'/usr/local/lib/python2.7/dist-packages'

['/usr/bin/python', '-c', "from distutils.sysconfig import get_config_var, get_python_lib\n\nprint(repr(get_python_lib(plat_specific=1, standard_lib=0, prefix='/usr/local') or ''))"]
out: '/usr/local/lib/python2.7/dist-packages'

'/usr/local/lib/python2.7/dist-packages'

---------------------------------------------------------
Checking for python version
(2, 7, 6, 'final', 0)
['/usr/bin/python', '-c', "from distutils.sysconfig import get_config_var, get_python_lib\n\nprint(repr(get_config_var('prefix') or ''))\nprint(repr(get_config_var('SO') or ''))\nprint(repr(get_config_var('LDFLAGS') or ''))\nprint(repr(get_config_var('LIBDIR') or ''))\nprint(repr(get_config_var('LIBPL') or ''))\nprint(repr(get_config_var('INCLUDEPY') or ''))\nprint(repr(get_config_var('Py_ENABLE_SHARED') or ''))\nprint(repr(get_config_var('MACOSX_DEPLOYMENT_TARGET') or ''))\nprint(repr(get_config_var('LDSHARED') or ''))\nprint(repr(get_config_var('CFLAGS') or ''))\nprint(repr(get_config_var('LDVERSION') or ''))"]
out: '/usr'
'.so'
'-Wl,-Bsymbolic-functions -Wl,-z,relro'
'/usr/lib'
'/usr/lib/python2.7/config-i386-linux-gnu'
'/usr/include/python2.7'
1
''
'i686-linux-gnu-gcc -pthread -shared -Wl,-O1 -Wl,-Bsymbolic-functions -Wl,-Bsymbolic-functions -Wl,-z,relro -fno-strict-aliasing -DNDEBUG -g -fwrapv -O2 -Wall -Wstrict-prototypes -D_FORTIFY_SOURCE=2 -g -fstack-protector --param=ssp-buffer-size=4 -Wformat -Werror=format-security  '
'-fno-strict-aliasing -DNDEBUG -g -fwrapv -O2 -Wall -Wstrict-prototypes -D_FORTIFY_SOURCE=2 -g -fstack-protector --param=ssp-buffer-size=4 -Wformat -Werror=format-security  '
''

'/usr'
'.so'
'-Wl,-Bsymbolic-functions -Wl,-z,relro'
'/usr/lib'
'/usr/lib/python2.7/config-i386-linux-gnu'
'/usr/include/python2.7'
1
''
'i686-linux-gnu-gcc -pthread -shared -Wl,-O1 -Wl,-Bsymbolic-functions -Wl,-Bsymbolic-functions -Wl,-z,relro -fno-strict-aliasing -DNDEBUG -g -fwrapv -O2 -Wall -Wstrict-prototypes -D_FORTIFY_SOURCE=2 -g -fstack-protector --param=ssp-buffer-size=4 -Wformat -Werror=format-security  '
'-fno-strict-aliasing -DNDEBUG -g -fwrapv -O2 -Wall -Wstrict-prototypes -D_FORTIFY_SOURCE=2 -g -fstack-protector --param=ssp-buffer-size=4 -Wformat -Werror=format-security  '
''

Configuration returned from ['/usr/bin/python']:
prefix = '/usr'
SO = '.so'
LDFLAGS = '-Wl,-Bsymbolic-functions -Wl,-z,relro'
LIBDIR = '/usr/lib'
LIBPL = '/usr/lib/python2.7/config-i386-linux-gnu'
INCLUDEPY = '/usr/include/python2.7'
Py_ENABLE_SHARED = 1
MACOSX_DEPLOYMENT_TARGET = ''
LDSHARED = 'i686-linux-gnu-gcc -pthread -shared -Wl,-O1 -Wl,-Bsymbolic-functions -Wl,-Bsymbolic-functions -Wl,-z,relro -fno-strict-aliasing -DNDEBUG -g -fwrapv -O2 -Wall -Wstrict-prototypes -D_FORTIFY_SOURCE=2 -g -fstack-protector --param=ssp-buffer-size=4 -Wformat -Werror=format-security  '
CFLAGS = '-fno-strict-aliasing -DNDEBUG -g -fwrapv -O2 -Wall -Wstrict-prototypes -D_FORTIFY_SOURCE=2 -g -fstack-protector --param=ssp-buffer-size=4 -Wformat -Werror=format-security  '
LDVERSION = ''

---------------------------------------------------------
python-config
not found
find program=['/usr/bin/python-config', 'python2.7-config', 'python-config-2.7', 'python2.7m-config'] paths=['/usr/local/sbin', '/usr/local/bin', '/usr/sbin', '/usr/bin', '/sbin', '/bin', '/usr/games', '/usr/local/games', '/usr/local/bin/android-sdk-macosx/', '/usr/local/bin/android-sdk-macosx/platform-tools/', '/Users/marcosschratzenstaller/workspace/wp-cli/bin'] var='PYTHON_CONFIG' -> None
from /home/marcos/workspace/ns-3-allinone/ns-3-dev/bindings/python: Could not find the program ['/usr/bin/python-config', 'python2.7-config', 'python-config-2.7', 'python2.7m-config']


# try again with -L$python_LIBDIR: ['/usr/lib']

---------------------------------------------------------
Checking for library python2.7 in LIBDIR
==>

int main(int argc, char **argv) {
	(void)argc; (void)argv;
	return 0;
}

<==
[1/2] Compiling [32mbuild/.conf_check_89e47e97ce17244e298b63ca09442a6f/test.cpp[0m

['/usr/bin/g++', '-O0', '-ggdb', '-g3', '-Wall', '-Werror', '-fno-strict-aliasing', '-fwrapv', '-fstack-protector', '-DNS3_BUILD_PROFILE_DEBUG', '-DNS3_ASSERT_ENABLE', '-DNS3_LOG_ENABLE', '-DPYTHONDIR="/usr/local/lib/python2.7/dist-packages"', '-DPYTHONARCHDIR="/usr/local/lib/python2.7/dist-packages"', '-DNDEBUG', '-D_FORTIFY_SOURCE=2', '../test.cpp', '-c', '-o', '/home/marcos/workspace/ns-3-allinone/ns-3-dev/build/.conf_check_89e47e97ce17244e298b63ca09442a6f/testbuild/test.cpp.1.o']
[2/2] Linking [33mbuild/.conf_check_89e47e97ce17244e298b63ca09442a6f/testbuild/testprog[0m

['/usr/bin/g++', '-Wl,-Bsymbolic-functions', '-Wl,-z,relro', 'test.cpp.1.o', '-o', '/home/marcos/workspace/ns-3-allinone/ns-3-dev/build/.conf_check_89e47e97ce17244e298b63ca09442a6f/testbuild/testprog', '-Wl,-Bstatic', '-Wl,-Bdynamic', '-L/usr/lib', '-lpython2.7']
err: /usr/bin/ld: cannot find -lpython2.7
collect2: error: ld returned 1 exit status

from /home/marcos/workspace/ns-3-allinone/ns-3-dev/bindings/python: Test does not build: Traceback (most recent call last):
  File "/home/marcos/workspace/ns-3-allinone/ns-3-dev/.waf-1.8.12-f00e5b53f6bbeab1384a38c9cc5d51f7/waflib/Configure.py", line 339, in run_build
    bld.compile()
  File "/home/marcos/workspace/ns-3-allinone/ns-3-dev/.waf-1.8.12-f00e5b53f6bbeab1384a38c9cc5d51f7/waflib/Build.py", line 182, in compile
    raise Errors.BuildError(self.producer.error)
BuildError: Build failed
 -> task in 'testprog' failed (exit status 1): 
	{task 3067273516L: cxxprogram test.cpp.1.o -> testprog}
['/usr/bin/g++', '-Wl,-Bsymbolic-functions', '-Wl,-z,relro', 'test.cpp.1.o', '-o', '/home/marcos/workspace/ns-3-allinone/ns-3-dev/build/.conf_check_89e47e97ce17244e298b63ca09442a6f/testbuild/testprog', '-Wl,-Bstatic', '-Wl,-Bdynamic', '-L/usr/lib', '-lpython2.7']

not found
from /home/marcos/workspace/ns-3-allinone/ns-3-dev/bindings/python: The configuration failed


# try again with -L$python_LIBPL (some systems don't install the python library in $prefix/lib)

---------------------------------------------------------
Checking for library python2.7 in python_LIBPL
==>

int main(int argc, char **argv) {
	(void)argc; (void)argv;
	return 0;
}

<==
[1/2] Compiling [32mbuild/.conf_check_cb06f217083c426c0ec81ffd91ca4317/test.cpp[0m

['/usr/bin/g++', '-O0', '-ggdb', '-g3', '-Wall', '-Werror', '-fno-strict-aliasing', '-fwrapv', '-fstack-protector', '-DNS3_BUILD_PROFILE_DEBUG', '-DNS3_ASSERT_ENABLE', '-DNS3_LOG_ENABLE', '-DPYTHONDIR="/usr/local/lib/python2.7/dist-packages"', '-DPYTHONARCHDIR="/usr/local/lib/python2.7/dist-packages"', '-DNDEBUG', '-D_FORTIFY_SOURCE=2', '../test.cpp', '-c', '-o', '/home/marcos/workspace/ns-3-allinone/ns-3-dev/build/.conf_check_cb06f217083c426c0ec81ffd91ca4317/testbuild/test.cpp.1.o']
[2/2] Linking [33mbuild/.conf_check_cb06f217083c426c0ec81ffd91ca4317/testbuild/testprog[0m

['/usr/bin/g++', '-Wl,-Bsymbolic-functions', '-Wl,-z,relro', 'test.cpp.1.o', '-o', '/home/marcos/workspace/ns-3-allinone/ns-3-dev/build/.conf_check_cb06f217083c426c0ec81ffd91ca4317/testbuild/testprog', '-Wl,-Bstatic', '-Wl,-Bdynamic', '-L/usr/lib/python2.7/config-i386-linux-gnu', '-lpython2.7']
yes
Include path for Python extensions (found via distutils module): '/usr/include/python2.7'

---------------------------------------------------------
Checking for header Python.h
==>

#include <Python.h>
#ifdef __cplusplus
extern "C" {
#endif
	void Py_Initialize(void);
	void Py_Finalize(void);
#ifdef __cplusplus
}
#endif
int main(int argc, char **argv)
{
   (void)argc; (void)argv;
   Py_Initialize();
   Py_Finalize();
   return 0;
}

<==
[1/2] Compiling [32mbuild/.conf_check_29ce9dd20baa4ed6dcdfcfbf51003af6/test.cpp[0m

['/usr/bin/g++', '-O0', '-ggdb', '-g3', '-Wall', '-Werror', '-fno-strict-aliasing', '-fwrapv', '-fstack-protector', '-fno-strict-aliasing', '-I/usr/include/python2.7', '-DNS3_BUILD_PROFILE_DEBUG', '-DNS3_ASSERT_ENABLE', '-DNS3_LOG_ENABLE', '-DPYTHONDIR="/usr/local/lib/python2.7/dist-packages"', '-DPYTHONARCHDIR="/usr/local/lib/python2.7/dist-packages"', '-DNDEBUG', '-D_FORTIFY_SOURCE=2', '../test.cpp', '-c', '-o', '/home/marcos/workspace/ns-3-allinone/ns-3-dev/build/.conf_check_29ce9dd20baa4ed6dcdfcfbf51003af6/testbuild/test.cpp.1.o']
err: ../test.cpp:2:20: fatal error: Python.h: No such file or directory
 #include <Python.h>
                    ^
compilation terminated.

from /home/marcos/workspace/ns-3-allinone/ns-3-dev/bindings/python: Test does not build: Traceback (most recent call last):
  File "/home/marcos/workspace/ns-3-allinone/ns-3-dev/.waf-1.8.12-f00e5b53f6bbeab1384a38c9cc5d51f7/waflib/Configure.py", line 339, in run_build
    bld.compile()
  File "/home/marcos/workspace/ns-3-allinone/ns-3-dev/.waf-1.8.12-f00e5b53f6bbeab1384a38c9cc5d51f7/waflib/Build.py", line 182, in compile
    raise Errors.BuildError(self.producer.error)
BuildError: Build failed
 -> task in 'testprog' failed (exit status 1): 
	{task 3067299084L: cxx test.cpp -> test.cpp.1.o}
['/usr/bin/g++', '-O0', '-ggdb', '-g3', '-Wall', '-Werror', '-fno-strict-aliasing', '-fwrapv', '-fstack-protector', '-fno-strict-aliasing', '-I/usr/include/python2.7', '-DNS3_BUILD_PROFILE_DEBUG', '-DNS3_ASSERT_ENABLE', '-DNS3_LOG_ENABLE', '-DPYTHONDIR="/usr/local/lib/python2.7/dist-packages"', '-DPYTHONARCHDIR="/usr/local/lib/python2.7/dist-packages"', '-DNDEBUG', '-D_FORTIFY_SOURCE=2', '../test.cpp', '-c', '-o', '/home/marcos/workspace/ns-3-allinone/ns-3-dev/build/.conf_check_29ce9dd20baa4ed6dcdfcfbf51003af6/testbuild/test.cpp.1.o']

Distutils not installed? Broken python installation? Get python-config now!
from /home/marcos/workspace/ns-3-allinone/ns-3-dev/bindings/python: The configuration failed
---------------------------------------------------------
Checking boost includes
headers not found, please provide a --boost-includes argument (see help)
from /home/marcos/workspace/ns-3-allinone/ns-3-dev/src: The configuration failed
---------------------------------------------------------
Checking boost includes
headers not found, please provide a --boost-includes argument (see help)
from /home/marcos/workspace/ns-3-allinone/ns-3-dev/src: The configuration failed
---------------------------------------------------------
Checking for click location
not found
---------------------------------------------------------
Checking for program 'pkg-config'
not found
find program=['pkg-config'] paths=['/usr/local/sbin', '/usr/local/bin', '/usr/sbin', '/usr/bin', '/sbin', '/bin', '/usr/games', '/usr/local/games', '/usr/local/bin/android-sdk-macosx/', '/usr/local/bin/android-sdk-macosx/platform-tools/', '/Users/marcosschratzenstaller/workspace/wp-cli/bin'] var='PKGCONFIG' -> None
from /home/marcos/workspace/ns-3-allinone/ns-3-dev/src/config-store: Could not find the program ['pkg-config']
---------------------------------------------------------
Checking for program 'pkg-config'
not found
find program=['pkg-config'] paths=['/usr/local/sbin', '/usr/local/bin', '/usr/sbin', '/usr/bin', '/sbin', '/bin', '/usr/games', '/usr/local/games', '/usr/local/bin/android-sdk-macosx/', '/usr/local/bin/android-sdk-macosx/platform-tools/', '/Users/marcosschratzenstaller/workspace/wp-cli/bin'] var='PKGCONFIG' -> None
from /home/marcos/workspace/ns-3-allinone/ns-3-dev/src/config-store: Could not find the program ['pkg-config']
---------------------------------------------------------
Checking for type uint128_t
==>
#include <stdint.h>

int main(int argc, char **argv) {
	(void)argc; (void)argv;
	if ((uint128_t *) 0) return 0;
	if (sizeof (uint128_t)) return 0;
	return 1;
}

<==
[1/2] Compiling [32mbuild/.conf_check_3c5f8f3bf33dcabeb19661d0b66f38d0/test.cpp[0m

['/usr/bin/g++', '-O0', '-ggdb', '-g3', '-Wall', '-Werror', '-DNS3_BUILD_PROFILE_DEBUG', '-DNS3_ASSERT_ENABLE', '-DNS3_LOG_ENABLE', '../test.cpp', '-c', '-o', '/home/marcos/workspace/ns-3-allinone/ns-3-dev/build/.conf_check_3c5f8f3bf33dcabeb19661d0b66f38d0/testbuild/test.cpp.1.o']
err: ../test.cpp: In function â€˜int main(int, char**)â€™:
../test.cpp:5:7: error: â€˜uint128_tâ€™ was not declared in this scope
  if ((uint128_t *) 0) return 0;
       ^
../test.cpp:5:18: error: expected primary-expression before â€˜)â€™ token
  if ((uint128_t *) 0) return 0;
                  ^
../test.cpp:5:20: error: expected â€˜)â€™ before numeric constant
  if ((uint128_t *) 0) return 0;
                    ^
../test.cpp:6:14: error: â€˜uint128_tâ€™ was not declared in this scope
  if (sizeof (uint128_t)) return 0;
              ^

from /home/marcos/workspace/ns-3-allinone/ns-3-dev/src/core: Test does not build: Traceback (most recent call last):
  File "/home/marcos/workspace/ns-3-allinone/ns-3-dev/.waf-1.8.12-f00e5b53f6bbeab1384a38c9cc5d51f7/waflib/Configure.py", line 339, in run_build
    bld.compile()
  File "/home/marcos/workspace/ns-3-allinone/ns-3-dev/.waf-1.8.12-f00e5b53f6bbeab1384a38c9cc5d51f7/waflib/Build.py", line 182, in compile
    raise Errors.BuildError(self.producer.error)
BuildError: Build failed
 -> task in 'testprog' failed (exit status 1): 
	{task 3067329004L: cxx test.cpp -> test.cpp.1.o}
['/usr/bin/g++', '-O0', '-ggdb', '-g3', '-Wall', '-Werror', '-DNS3_BUILD_PROFILE_DEBUG', '-DNS3_ASSERT_ENABLE', '-DNS3_LOG_ENABLE', '../test.cpp', '-c', '-o', '/home/marcos/workspace/ns-3-allinone/ns-3-dev/build/.conf_check_3c5f8f3bf33dcabeb19661d0b66f38d0/testbuild/test.cpp.1.o']

not found
from /home/marcos/workspace/ns-3-allinone/ns-3-dev/src/core: The configuration failed
---------------------------------------------------------
Checking for type __uint128_t
==>
#include <stdint.h>

int main(int argc, char **argv) {
	(void)argc; (void)argv;
	if ((__uint128_t *) 0) return 0;
	if (sizeof (__uint128_t)) return 0;
	return 1;
}

<==
[1/2] Compiling [32mbuild/.conf_check_dfed914199509610e9de2f4e8e39079f/test.cpp[0m

['/usr/bin/g++', '-O0', '-ggdb', '-g3', '-Wall', '-Werror', '-DNS3_BUILD_PROFILE_DEBUG', '-DNS3_ASSERT_ENABLE', '-DNS3_LOG_ENABLE', '../test.cpp', '-c', '-o', '/home/marcos/workspace/ns-3-allinone/ns-3-dev/build/.conf_check_dfed914199509610e9de2f4e8e39079f/testbuild/test.cpp.1.o']
err: ../test.cpp: In function â€˜int main(int, char**)â€™:
../test.cpp:5:7: error: â€˜__uint128_tâ€™ was not declared in this scope
  if ((__uint128_t *) 0) return 0;
       ^
../test.cpp:5:20: error: expected primary-expression before â€˜)â€™ token
  if ((__uint128_t *) 0) return 0;
                    ^
../test.cpp:5:22: error: expected â€˜)â€™ before numeric constant
  if ((__uint128_t *) 0) return 0;
                      ^
../test.cpp:6:14: error: â€˜__uint128_tâ€™ was not declared in this scope
  if (sizeof (__uint128_t)) return 0;
              ^

from /home/marcos/workspace/ns-3-allinone/ns-3-dev/src/core: Test does not build: Traceback (most recent call last):
  File "/home/marcos/workspace/ns-3-allinone/ns-3-dev/.waf-1.8.12-f00e5b53f6bbeab1384a38c9cc5d51f7/waflib/Configure.py", line 339, in run_build
    bld.compile()
  File "/home/marcos/workspace/ns-3-allinone/ns-3-dev/.waf-1.8.12-f00e5b53f6bbeab1384a38c9cc5d51f7/waflib/Build.py", line 182, in compile
    raise Errors.BuildError(self.producer.error)
BuildError: Build failed
 -> task in 'testprog' failed (exit status 1): 
	{task 3067388076L: cxx test.cpp -> test.cpp.1.o}
['/usr/bin/g++', '-O0', '-ggdb', '-g3', '-Wall', '-Werror', '-DNS3_BUILD_PROFILE_DEBUG', '-DNS3_ASSERT_ENABLE', '-DNS3_LOG_ENABLE', '../test.cpp', '-c', '-o', '/home/marcos/workspace/ns-3-allinone/ns-3-dev/build/.conf_check_dfed914199509610e9de2f4e8e39079f/testbuild/test.cpp.1.o']

not found
from /home/marcos/workspace/ns-3-allinone/ns-3-dev/src/core: The configuration failed
---------------------------------------------------------
Checking high precision implementation
cairo 128-bit integer (default)
---------------------------------------------------------
Checking for header stdint.h
==>
#include <stdint.h>

int main(int argc, char **argv) {
	(void)argc; (void)argv;
	return 0;
}

<==
[1/2] Compiling [32mbuild/.conf_check_e3481a36399754d799c20ba854b2c23c/test.cpp[0m

['/usr/bin/g++', '-O0', '-ggdb', '-g3', '-Wall', '-Werror', '-DNS3_BUILD_PROFILE_DEBUG', '-DNS3_ASSERT_ENABLE', '-DNS3_LOG_ENABLE', '-DINT64X64_USE_CAIRO=1', '../test.cpp', '-c', '-o', '/home/marcos/workspace/ns-3-allinone/ns-3-dev/build/.conf_check_e3481a36399754d799c20ba854b2c23c/testbuild/test.cpp.1.o']
[2/2] Linking [33mbuild/.conf_check_e3481a36399754d799c20ba854b2c23c/testbuild/testprog[0m

['/usr/bin/g++', 'test.cpp.1.o', '-o', '/home/marcos/workspace/ns-3-allinone/ns-3-dev/build/.conf_check_e3481a36399754d799c20ba854b2c23c/testbuild/testprog', '-Wl,-Bstatic', '-Wl,-Bdynamic']
yes
---------------------------------------------------------
Checking for header inttypes.h
==>
#include <inttypes.h>

int main(int argc, char **argv) {
	(void)argc; (void)argv;
	return 0;
}

<==
[1/2] Compiling [32mbuild/.conf_check_fcca4846d7ff9861b1090a2629e6346a/test.cpp[0m

['/usr/bin/g++', '-O0', '-ggdb', '-g3', '-Wall', '-Werror', '-DNS3_BUILD_PROFILE_DEBUG', '-DNS3_ASSERT_ENABLE', '-DNS3_LOG_ENABLE', '-DINT64X64_USE_CAIRO=1', '-DHAVE_STDINT_H=1', '../test.cpp', '-c', '-o', '/home/marcos/workspace/ns-3-allinone/ns-3-dev/build/.conf_check_fcca4846d7ff9861b1090a2629e6346a/testbuild/test.cpp.1.o']
[2/2] Linking [33mbuild/.conf_check_fcca4846d7ff9861b1090a2629e6346a/testbuild/testprog[0m

['/usr/bin/g++', 'test.cpp.1.o', '-o', '/home/marcos/workspace/ns-3-allinone/ns-3-dev/build/.conf_check_fcca4846d7ff9861b1090a2629e6346a/testbuild/testprog', '-Wl,-Bstatic', '-Wl,-Bdynamic']
yes
---------------------------------------------------------
Checking for header sys/inttypes.h
==>
#include <sys/inttypes.h>

int main(int argc, char **argv) {
	(void)argc; (void)argv;
	return 0;
}

<==
[1/2] Compiling [32mbuild/.conf_check_643100576c2b7aab52fc4bb38326c57e/test.cpp[0m

['/usr/bin/g++', '-O0', '-ggdb', '-g3', '-Wall', '-Werror', '-DNS3_BUILD_PROFILE_DEBUG', '-DNS3_ASSERT_ENABLE', '-DNS3_LOG_ENABLE', '-DINT64X64_USE_CAIRO=1', '-DHAVE_STDINT_H=1', '-DHAVE_INTTYPES_H=1', '../test.cpp', '-c', '-o', '/home/marcos/workspace/ns-3-allinone/ns-3-dev/build/.conf_check_643100576c2b7aab52fc4bb38326c57e/testbuild/test.cpp.1.o']
err: ../test.cpp:1:26: fatal error: sys/inttypes.h: No such file or directory
 #include <sys/inttypes.h>
                          ^
compilation terminated.

from /home/marcos/workspace/ns-3-allinone/ns-3-dev/src/core: Test does not build: Traceback (most recent call last):
  File "/home/marcos/workspace/ns-3-allinone/ns-3-dev/.waf-1.8.12-f00e5b53f6bbeab1384a38c9cc5d51f7/waflib/Configure.py", line 339, in run_build
    bld.compile()
  File "/home/marcos/workspace/ns-3-allinone/ns-3-dev/.waf-1.8.12-f00e5b53f6bbeab1384a38c9cc5d51f7/waflib/Build.py", line 182, in compile
    raise Errors.BuildError(self.producer.error)
BuildError: Build failed
 -> task in 'testprog' failed (exit status 1): 
	{task 3067414764L: cxx test.cpp -> test.cpp.1.o}
['/usr/bin/g++', '-O0', '-ggdb', '-g3', '-Wall', '-Werror', '-DNS3_BUILD_PROFILE_DEBUG', '-DNS3_ASSERT_ENABLE', '-DNS3_LOG_ENABLE', '-DINT64X64_USE_CAIRO=1', '-DHAVE_STDINT_H=1', '-DHAVE_INTTYPES_H=1', '../test.cpp', '-c', '-o', '/home/marcos/workspace/ns-3-allinone/ns-3-dev/build/.conf_check_643100576c2b7aab52fc4bb38326c57e/testbuild/test.cpp.1.o']

not found
from /home/marcos/workspace/ns-3-allinone/ns-3-dev/src/core: The configuration failed
---------------------------------------------------------
Checking for header sys/types.h
==>
#include <sys/types.h>

int main(int argc, char **argv) {
	(void)argc; (void)argv;
	return 0;
}

<==
[1/2] Compiling [32mbuild/.conf_check_38bc973e8ca9a8bc3e4e31efade39641/test.cpp[0m

['/usr/bin/g++', '-O0', '-ggdb', '-g3', '-Wall', '-Werror', '-DNS3_BUILD_PROFILE_DEBUG', '-DNS3_ASSERT_ENABLE', '-DNS3_LOG_ENABLE', '-DINT64X64_USE_CAIRO=1', '-DHAVE_STDINT_H=1', '-DHAVE_INTTYPES_H=1', '../test.cpp', '-c', '-o', '/home/marcos/workspace/ns-3-allinone/ns-3-dev/build/.conf_check_38bc973e8ca9a8bc3e4e31efade39641/testbuild/test.cpp.1.o']
[2/2] Linking [33mbuild/.conf_check_38bc973e8ca9a8bc3e4e31efade39641/testbuild/testprog[0m

['/usr/bin/g++', 'test.cpp.1.o', '-o', '/home/marcos/workspace/ns-3-allinone/ns-3-dev/build/.conf_check_38bc973e8ca9a8bc3e4e31efade39641/testbuild/testprog', '-Wl,-Bstatic', '-Wl,-Bdynamic']
yes
---------------------------------------------------------
Checking for header sys/stat.h
==>
#include <sys/stat.h>

int main(int argc, char **argv) {
	(void)argc; (void)argv;
	return 0;
}

<==
[1/2] Compiling [32mbuild/.conf_check_b64d8cefce230e86bc6e28a7291caefd/test.cpp[0m

['/usr/bin/g++', '-O0', '-ggdb', '-g3', '-Wall', '-Werror', '-DNS3_BUILD_PROFILE_DEBUG', '-DNS3_ASSERT_ENABLE', '-DNS3_LOG_ENABLE', '-DINT64X64_USE_CAIRO=1', '-DHAVE_STDINT_H=1', '-DHAVE_INTTYPES_H=1', '-DHAVE_SYS_TYPES_H=1', '../test.cpp', '-c', '-o', '/home/marcos/workspace/ns-3-allinone/ns-3-dev/build/.conf_check_b64d8cefce230e86bc6e28a7291caefd/testbuild/test.cpp.1.o']
[2/2] Linking [33mbuild/.conf_check_b64d8cefce230e86bc6e28a7291caefd/testbuild/testprog[0m

['/usr/bin/g++', 'test.cpp.1.o', '-o', '/home/marcos/workspace/ns-3-allinone/ns-3-dev/build/.conf_check_b64d8cefce230e86bc6e28a7291caefd/testbuild/testprog', '-Wl,-Bstatic', '-Wl,-Bdynamic']
yes
---------------------------------------------------------
Checking for header dirent.h
==>
#include <dirent.h>

int main(int argc, char **argv) {
	(void)argc; (void)argv;
	return 0;
}

<==
[1/2] Compiling [32mbuild/.conf_check_b6ed1e95232a65218180b951620d39f9/test.cpp[0m

['/usr/bin/g++', '-O0', '-ggdb', '-g3', '-Wall', '-Werror', '-DNS3_BUILD_PROFILE_DEBUG', '-DNS3_ASSERT_ENABLE', '-DNS3_LOG_ENABLE', '-DINT64X64_USE_CAIRO=1', '-DHAVE_STDINT_H=1', '-DHAVE_INTTYPES_H=1', '-DHAVE_SYS_TYPES_H=1', '-DHAVE_SYS_STAT_H=1', '../test.cpp', '-c', '-o', '/home/marcos/workspace/ns-3-allinone/ns-3-dev/build/.conf_check_b6ed1e95232a65218180b951620d39f9/testbuild/test.cpp.1.o']
[2/2] Linking [33mbuild/.conf_check_b6ed1e95232a65218180b951620d39f9/testbuild/testprog[0m

['/usr/bin/g++', 'test.cpp.1.o', '-o', '/home/marcos/workspace/ns-3-allinone/ns-3-dev/build/.conf_check_b6ed1e95232a65218180b951620d39f9/testbuild/testprog', '-Wl,-Bstatic', '-Wl,-Bdynamic']
yes
---------------------------------------------------------
Checking for header stdlib.h
==>
#include <stdlib.h>

int main(int argc, char **argv) {
	(void)argc; (void)argv;
	return 0;
}

<==
[1/2] Compiling [32mbuild/.conf_check_9b2da8b7e91bb524eae7a216cfc36840/test.cpp[0m

['/usr/bin/g++', '-O0', '-ggdb', '-g3', '-Wall', '-Werror', '-DNS3_BUILD_PROFILE_DEBUG', '-DNS3_ASSERT_ENABLE', '-DNS3_LOG_ENABLE', '-DINT64X64_USE_CAIRO=1', '-DHAVE_STDINT_H=1', '-DHAVE_INTTYPES_H=1', '-DHAVE_SYS_TYPES_H=1', '-DHAVE_SYS_STAT_H=1', '-DHAVE_DIRENT_H=1', '../test.cpp', '-c', '-o', '/home/marcos/workspace/ns-3-allinone/ns-3-dev/build/.conf_check_9b2da8b7e91bb524eae7a216cfc36840/testbuild/test.cpp.1.o']
[2/2] Linking [33mbuild/.conf_check_9b2da8b7e91bb524eae7a216cfc36840/testbuild/testprog[0m

['/usr/bin/g++', 'test.cpp.1.o', '-o', '/home/marcos/workspace/ns-3-allinone/ns-3-dev/build/.conf_check_9b2da8b7e91bb524eae7a216cfc36840/testbuild/testprog', '-Wl,-Bstatic', '-Wl,-Bdynamic']
yes
---------------------------------------------------------
Checking for header signal.h
==>
#include <signal.h>

int main(int argc, char **argv) {
	(void)argc; (void)argv;
	return 0;
}

<==
[1/2] Compiling [32mbuild/.conf_check_a8cf24964d43acbdb4508a37ca65004d/test.cpp[0m

['/usr/bin/g++', '-O0', '-ggdb', '-g3', '-Wall', '-Werror', '-DNS3_BUILD_PROFILE_DEBUG', '-DNS3_ASSERT_ENABLE', '-DNS3_LOG_ENABLE', '-DINT64X64_USE_CAIRO=1', '-DHAVE_STDINT_H=1', '-DHAVE_INTTYPES_H=1', '-DHAVE_SYS_TYPES_H=1', '-DHAVE_SYS_STAT_H=1', '-DHAVE_DIRENT_H=1', '-DHAVE_STDLIB_H=1', '-DHAVE_GETENV=1', '../test.cpp', '-c', '-o', '/home/marcos/workspace/ns-3-allinone/ns-3-dev/build/.conf_check_a8cf24964d43acbdb4508a37ca65004d/testbuild/test.cpp.1.o']
[2/2] Linking [33mbuild/.conf_check_a8cf24964d43acbdb4508a37ca65004d/testbuild/testprog[0m

['/usr/bin/g++', 'test.cpp.1.o', '-o', '/home/marcos/workspace/ns-3-allinone/ns-3-dev/build/.conf_check_a8cf24964d43acbdb4508a37ca65004d/testbuild/testprog', '-Wl,-Bstatic', '-Wl,-Bdynamic']
yes
---------------------------------------------------------
Checking for header pthread.h
==>

#include <pthread.h>
int main ()
{
   pthread_mutex_t m;
   pthread_mutex_init (&m, NULL);
   return 0;
}

<==
[1/2] Compiling [32mbuild/.conf_check_81763bf74868bfd7bad07f03382eb91a/test.cpp[0m

['/usr/bin/g++', '-O0', '-ggdb', '-g3', '-Wall', '-Werror', '-pthread', '-DNS3_BUILD_PROFILE_DEBUG', '-DNS3_ASSERT_ENABLE', '-DNS3_LOG_ENABLE', '-DINT64X64_USE_CAIRO=1', '-DHAVE_STDINT_H=1', '-DHAVE_INTTYPES_H=1', '-DHAVE_SYS_TYPES_H=1', '-DHAVE_SYS_STAT_H=1', '-DHAVE_DIRENT_H=1', '-DHAVE_STDLIB_H=1', '-DHAVE_GETENV=1', '-DHAVE_SIGNAL_H=1', '../test.cpp', '-c', '-o', '/home/marcos/workspace/ns-3-allinone/ns-3-dev/build/.conf_check_81763bf74868bfd7bad07f03382eb91a/testbuild/test.cpp.1.o']
[2/2] Linking [33mbuild/.conf_check_81763bf74868bfd7bad07f03382eb91a/testbuild/testprog[0m

['/usr/bin/g++', '-pthread', 'test.cpp.1.o', '-o', '/home/marcos/workspace/ns-3-allinone/ns-3-dev/build/.conf_check_81763bf74868bfd7bad07f03382eb91a/testbuild/testprog', '-Wl,-Bstatic', '-Wl,-Bdynamic']
yes
---------------------------------------------------------
Checking for header stdint.h
==>
#include <stdint.h>

int main(int argc, char **argv) {
	(void)argc; (void)argv;
	return 0;
}

<==
[1/2] Compiling [32mbuild/.conf_check_e3481a36399754d799c20ba854b2c23c/test.cpp[0m

['/usr/bin/g++', '-O0', '-ggdb', '-g3', '-Wall', '-Werror', '-DNS3_BUILD_PROFILE_DEBUG', '-DNS3_ASSERT_ENABLE', '-DNS3_LOG_ENABLE', '-DINT64X64_USE_CAIRO=1', '-DHAVE_INTTYPES_H=1', '-DHAVE_SYS_TYPES_H=1', '-DHAVE_SYS_STAT_H=1', '-DHAVE_DIRENT_H=1', '-DHAVE_STDLIB_H=1', '-DHAVE_GETENV=1', '-DHAVE_SIGNAL_H=1', '-DHAVE_PTHREAD_H=1', '../test.cpp', '-c', '-o', '/home/marcos/workspace/ns-3-allinone/ns-3-dev/build/.conf_check_e3481a36399754d799c20ba854b2c23c/testbuild/test.cpp.1.o']
[2/2] Linking [33mbuild/.conf_check_e3481a36399754d799c20ba854b2c23c/testbuild/testprog[0m

['/usr/bin/g++', 'test.cpp.1.o', '-o', '/home/marcos/workspace/ns-3-allinone/ns-3-dev/build/.conf_check_e3481a36399754d799c20ba854b2c23c/testbuild/testprog', '-Wl,-Bstatic', '-Wl,-Bdynamic']
yes
---------------------------------------------------------
Checking for header inttypes.h
==>
#include <inttypes.h>

int main(int argc, char **argv) {
	(void)argc; (void)argv;
	return 0;
}

<==
[1/2] Compiling [32mbuild/.conf_check_fcca4846d7ff9861b1090a2629e6346a/test.cpp[0m

['/usr/bin/g++', '-O0', '-ggdb', '-g3', '-Wall', '-Werror', '-DNS3_BUILD_PROFILE_DEBUG', '-DNS3_ASSERT_ENABLE', '-DNS3_LOG_ENABLE', '-DINT64X64_USE_CAIRO=1', '-DHAVE_SYS_TYPES_H=1', '-DHAVE_SYS_STAT_H=1', '-DHAVE_DIRENT_H=1', '-DHAVE_STDLIB_H=1', '-DHAVE_GETENV=1', '-DHAVE_SIGNAL_H=1', '-DHAVE_PTHREAD_H=1', '-DHAVE_STDINT_H=1', '../test.cpp', '-c', '-o', '/home/marcos/workspace/ns-3-allinone/ns-3-dev/build/.conf_check_fcca4846d7ff9861b1090a2629e6346a/testbuild/test.cpp.1.o']
[2/2] Linking [33mbuild/.conf_check_fcca4846d7ff9861b1090a2629e6346a/testbuild/testprog[0m

['/usr/bin/g++', 'test.cpp.1.o', '-o', '/home/marcos/workspace/ns-3-allinone/ns-3-dev/build/.conf_check_fcca4846d7ff9861b1090a2629e6346a/testbuild/testprog', '-Wl,-Bstatic', '-Wl,-Bdynamic']
yes
---------------------------------------------------------
Checking for header sys/inttypes.h
==>
#include <sys/inttypes.h>

int main(int argc, char **argv) {
	(void)argc; (void)argv;
	return 0;
}

<==
[1/2] Compiling [32mbuild/.conf_check_643100576c2b7aab52fc4bb38326c57e/test.cpp[0m

['/usr/bin/g++', '-O0', '-ggdb', '-g3', '-Wall', '-Werror', '-DNS3_BUILD_PROFILE_DEBUG', '-DNS3_ASSERT_ENABLE', '-DNS3_LOG_ENABLE', '-DINT64X64_USE_CAIRO=1', '-DHAVE_SYS_TYPES_H=1', '-DHAVE_SYS_STAT_H=1', '-DHAVE_DIRENT_H=1', '-DHAVE_STDLIB_H=1', '-DHAVE_GETENV=1', '-DHAVE_SIGNAL_H=1', '-DHAVE_PTHREAD_H=1', '-DHAVE_STDINT_H=1', '-DHAVE_INTTYPES_H=1', '../test.cpp', '-c', '-o', '/home/marcos/workspace/ns-3-allinone/ns-3-dev/build/.conf_check_643100576c2b7aab52fc4bb38326c57e/testbuild/test.cpp.1.o']
err: ../test.cpp:1:26: fatal error: sys/inttypes.h: No such file or directory
 #include <sys/inttypes.h>
                          ^
compilation terminated.

from /home/marcos/workspace/ns-3-allinone/ns-3-dev/src/core: Test does not build: Traceback (most recent call last):
  File "/home/marcos/workspace/ns-3-allinone/ns-3-dev/.waf-1.8.12-f00e5b53f6bbeab1384a38c9cc5d51f7/waflib/Configure.py", line 339, in run_build
    bld.compile()
  File "/home/marcos/workspace/ns-3-allinone/ns-3-dev/.waf-1.8.12-f00e5b53f6bbeab1384a38c9cc5d51f7/waflib/Build.py", line 182, in compile
    raise Errors.BuildError(self.producer.error)
BuildError: Build failed
 -> task in 'testprog' failed (exit status 1): 
	{task 3067434572L: cxx test.cpp -> test.cpp.1.o}
['/usr/bin/g++', '-O0', '-ggdb', '-g3', '-Wall', '-Werror', '-DNS3_BUILD_PROFILE_DEBUG', '-DNS3_ASSERT_ENABLE', '-DNS3_LOG_ENABLE', '-DINT64X64_USE_CAIRO=1', '-DHAVE_SYS_TYPES_H=1', '-DHAVE_SYS_STAT_H=1', '-DHAVE_DIRENT_H=1', '-DHAVE_STDLIB_H=1', '-DHAVE_GETENV=1', '-DHAVE_SIGNAL_H=1', '-DHAVE_PTHREAD_H=1', '-DHAVE_STDINT_H=1', '-DHAVE_INTTYPES_H=1', '../test.cpp', '-c', '-o', '/home/marcos/workspace/ns-3-allinone/ns-3-dev/build/.conf_check_643100576c2b7aab52fc4bb38326c57e/testbuild/test.cpp.1.o']

not found
from /home/marcos/workspace/ns-3-allinone/ns-3-dev/src/core: The configuration failed
---------------------------------------------------------
Checking for library rt
==>

int main(int argc, char **argv) {
	(void)argc; (void)argv;
	return 0;
}

<==
[1/2] Compiling [32mbuild/.conf_check_5d7c2f4e9e617527b97cd0b7eb5d2e88/test.cpp[0m

['/usr/bin/g++', '-O0', '-ggdb', '-g3', '-Wall', '-Werror', '-pthread', '-DNS3_BUILD_PROFILE_DEBUG', '-DNS3_ASSERT_ENABLE', '-DNS3_LOG_ENABLE', '-DINT64X64_USE_CAIRO=1', '-DHAVE_SYS_TYPES_H=1', '-DHAVE_SYS_STAT_H=1', '-DHAVE_DIRENT_H=1', '-DHAVE_STDLIB_H=1', '-DHAVE_GETENV=1', '-DHAVE_SIGNAL_H=1', '-DHAVE_PTHREAD_H=1', '-DHAVE_STDINT_H=1', '-DHAVE_INTTYPES_H=1', '../test.cpp', '-c', '-o', '/home/marcos/workspace/ns-3-allinone/ns-3-dev/build/.conf_check_5d7c2f4e9e617527b97cd0b7eb5d2e88/testbuild/test.cpp.1.o']
[2/2] Linking [33mbuild/.conf_check_5d7c2f4e9e617527b97cd0b7eb5d2e88/testbuild/testprog[0m

['/usr/bin/g++', '-pthread', 'test.cpp.1.o', '-o', '/home/marcos/workspace/ns-3-allinone/ns-3-dev/build/.conf_check_5d7c2f4e9e617527b97cd0b7eb5d2e88/testbuild/testprog', '-Wl,-Bstatic', '-Wl,-Bdynamic', '-lrt']
yes
---------------------------------------------------------
Checking for header sys/ioctl.h
==>
#include <sys/ioctl.h>

int main(int argc, char **argv) {
	(void)argc; (void)argv;
	return 0;
}

<==
[1/2] Compiling [32mbuild/.conf_check_2f17759549cf5e2719c34870d2fcd086/test.cpp[0m

['/usr/bin/g++', '-O0', '-ggdb', '-g3', '-Wall', '-Werror', '-DNS3_BUILD_PROFILE_DEBUG', '-DNS3_ASSERT_ENABLE', '-DNS3_LOG_ENABLE', '../test.cpp', '-c', '-o', '/home/marcos/workspace/ns-3-allinone/ns-3-dev/build/.conf_check_2f17759549cf5e2719c34870d2fcd086/testbuild/test.cpp.1.o']
[2/2] Linking [33mbuild/.conf_check_2f17759549cf5e2719c34870d2fcd086/testbuild/testprog[0m

['/usr/bin/g++', 'test.cpp.1.o', '-o', '/home/marcos/workspace/ns-3-allinone/ns-3-dev/build/.conf_check_2f17759549cf5e2719c34870d2fcd086/testbuild/testprog', '-Wl,-Bstatic', '-Wl,-Bdynamic']
yes
---------------------------------------------------------
Checking for header net/if.h
==>
#include <net/if.h>

int main(int argc, char **argv) {
	(void)argc; (void)argv;
	return 0;
}

<==
[1/2] Compiling [32mbuild/.conf_check_ab37a0b6da028e0e4376b2d496d98def/test.cpp[0m

['/usr/bin/g++', '-O0', '-ggdb', '-g3', '-Wall', '-Werror', '-DNS3_BUILD_PROFILE_DEBUG', '-DNS3_ASSERT_ENABLE', '-DNS3_LOG_ENABLE', '-DHAVE_SYS_IOCTL_H=1', '../test.cpp', '-c', '-o', '/home/marcos/workspace/ns-3-allinone/ns-3-dev/build/.conf_check_ab37a0b6da028e0e4376b2d496d98def/testbuild/test.cpp.1.o']
[2/2] Linking [33mbuild/.conf_check_ab37a0b6da028e0e4376b2d496d98def/testbuild/testprog[0m

['/usr/bin/g++', 'test.cpp.1.o', '-o', '/home/marcos/workspace/ns-3-allinone/ns-3-dev/build/.conf_check_ab37a0b6da028e0e4376b2d496d98def/testbuild/testprog', '-Wl,-Bstatic', '-Wl,-Bdynamic']
yes
---------------------------------------------------------
Checking for header net/ethernet.h
==>
#include <net/ethernet.h>

int main(int argc, char **argv) {
	(void)argc; (void)argv;
	return 0;
}

<==
[1/2] Compiling [32mbuild/.conf_check_57f3b9bcf141db136cbd55ee6faecb37/test.cpp[0m

['/usr/bin/g++', '-O0', '-ggdb', '-g3', '-Wall', '-Werror', '-DNS3_BUILD_PROFILE_DEBUG', '-DNS3_ASSERT_ENABLE', '-DNS3_LOG_ENABLE', '-DHAVE_SYS_IOCTL_H=1', '-DHAVE_IF_NETS_H=1', '../test.cpp', '-c', '-o', '/home/marcos/workspace/ns-3-allinone/ns-3-dev/build/.conf_check_57f3b9bcf141db136cbd55ee6faecb37/testbuild/test.cpp.1.o']
[2/2] Linking [33mbuild/.conf_check_57f3b9bcf141db136cbd55ee6faecb37/testbuild/testprog[0m

['/usr/bin/g++', 'test.cpp.1.o', '-o', '/home/marcos/workspace/ns-3-allinone/ns-3-dev/build/.conf_check_57f3b9bcf141db136cbd55ee6faecb37/testbuild/testprog', '-Wl,-Bstatic', '-Wl,-Bdynamic']
yes
---------------------------------------------------------
Checking for header linux/if_tun.h
==>
#include <linux/if_tun.h>

int main(int argc, char **argv) {
	(void)argc; (void)argv;
	return 0;
}

<==
[1/2] Compiling [32mbuild/.conf_check_cec514c10d8ee57e30db020509265210/test.cpp[0m

['/usr/bin/g++', '-O0', '-ggdb', '-g3', '-Wall', '-Werror', '-DNS3_BUILD_PROFILE_DEBUG', '-DNS3_ASSERT_ENABLE', '-DNS3_LOG_ENABLE', '-DHAVE_SYS_IOCTL_H=1', '-DHAVE_IF_NETS_H=1', '-DHAVE_NET_ETHERNET_H=1', '../test.cpp', '-c', '-o', '/home/marcos/workspace/ns-3-allinone/ns-3-dev/build/.conf_check_cec514c10d8ee57e30db020509265210/testbuild/test.cpp.1.o']
[2/2] Linking [33mbuild/.conf_check_cec514c10d8ee57e30db020509265210/testbuild/testprog[0m

['/usr/bin/g++', 'test.cpp.1.o', '-o', '/home/marcos/workspace/ns-3-allinone/ns-3-dev/build/.conf_check_cec514c10d8ee57e30db020509265210/testbuild/testprog', '-Wl,-Bstatic', '-Wl,-Bdynamic']
yes
---------------------------------------------------------
Checking for header netpacket/packet.h
==>
#include <netpacket/packet.h>

int main(int argc, char **argv) {
	(void)argc; (void)argv;
	return 0;
}

<==
[1/2] Compiling [32mbuild/.conf_check_8f4af47b624bdc51443d7377bd22eceb/test.cpp[0m

['/usr/bin/g++', '-O0', '-ggdb', '-g3', '-Wall', '-Werror', '-DNS3_BUILD_PROFILE_DEBUG', '-DNS3_ASSERT_ENABLE', '-DNS3_LOG_ENABLE', '-DHAVE_SYS_IOCTL_H=1', '-DHAVE_IF_NETS_H=1', '-DHAVE_NET_ETHERNET_H=1', '-DHAVE_IF_TUN_H=1', '../test.cpp', '-c', '-o', '/home/marcos/workspace/ns-3-allinone/ns-3-dev/build/.conf_check_8f4af47b624bdc51443d7377bd22eceb/testbuild/test.cpp.1.o']
[2/2] Linking [33mbuild/.conf_check_8f4af47b624bdc51443d7377bd22eceb/testbuild/testprog[0m

['/usr/bin/g++', 'test.cpp.1.o', '-o', '/home/marcos/workspace/ns-3-allinone/ns-3-dev/build/.conf_check_8f4af47b624bdc51443d7377bd22eceb/testbuild/testprog', '-Wl,-Bstatic', '-Wl,-Bdynamic']
yes
---------------------------------------------------------
Checking for NSC location
not found
---------------------------------------------------------
Checking for program 'pkg-config'
not found
find program=['pkg-config'] paths=['/usr/local/sbin', '/usr/local/bin', '/usr/sbin', '/usr/bin', '/sbin', '/bin', '/usr/games', '/usr/local/games', '/usr/local/bin/android-sdk-macosx/', '/usr/local/bin/android-sdk-macosx/platform-tools/', '/Users/marcosschratzenstaller/workspace/wp-cli/bin'] var='PKGCONFIG' -> None
from /home/marcos/workspace/ns-3-allinone/ns-3-dev/src/stats: Could not find the program ['pkg-config']
---------------------------------------------------------
Checking for header linux/if_tun.h
==>
#include <linux/if_tun.h>

int main(int argc, char **argv) {
	(void)argc; (void)argv;
	return 0;
}

<==
[1/2] Compiling [32mbuild/.conf_check_cec514c10d8ee57e30db020509265210/test.cpp[0m

['/usr/bin/g++', '-O0', '-ggdb', '-g3', '-Wall', '-Werror', '-DNS3_BUILD_PROFILE_DEBUG', '-DNS3_ASSERT_ENABLE', '-DNS3_LOG_ENABLE', '-DHAVE_SYS_IOCTL_H=1', '-DHAVE_IF_NETS_H=1', '-DHAVE_NET_ETHERNET_H=1', '-DHAVE_PACKET_H=1', '../test.cpp', '-c', '-o', '/home/marcos/workspace/ns-3-allinone/ns-3-dev/build/.conf_check_cec514c10d8ee57e30db020509265210/testbuild/test.cpp.1.o']
[2/2] Linking [33mbuild/.conf_check_cec514c10d8ee57e30db020509265210/testbuild/testprog[0m

['/usr/bin/g++', 'test.cpp.1.o', '-o', '/home/marcos/workspace/ns-3-allinone/ns-3-dev/build/.conf_check_cec514c10d8ee57e30db020509265210/testbuild/testprog', '-Wl,-Bstatic', '-Wl,-Bdynamic']
yes
---------------------------------------------------------
Checking for program 'sudo'
/usr/bin/sudo
find program=['sudo'] paths=['/usr/local/sbin', '/usr/local/bin', '/usr/sbin', '/usr/bin', '/sbin', '/bin', '/usr/games', '/usr/local/games', '/usr/local/bin/android-sdk-macosx/', '/usr/local/bin/android-sdk-macosx/platform-tools/', '/Users/marcosschratzenstaller/workspace/wp-cli/bin'] var='SUDO' -> ['/usr/bin/sudo']
---------------------------------------------------------
Checking for program 'valgrind'
not found
find program=['valgrind'] paths=['/usr/local/sbin', '/usr/local/bin', '/usr/sbin', '/usr/bin', '/sbin', '/bin', '/usr/games', '/usr/local/games', '/usr/local/bin/android-sdk-macosx/', '/usr/local/bin/android-sdk-macosx/platform-tools/', '/Users/marcosschratzenstaller/workspace/wp-cli/bin'] var='VALGRIND' -> None
from /home/marcos/workspace/ns-3-allinone/ns-3-dev: Could not find the program ['valgrind']
---------------------------------------------------------
Checking for program 'pkg-config'
not found
find program=['pkg-config'] paths=['/usr/local/sbin', '/usr/local/bin', '/usr/sbin', '/usr/bin', '/sbin', '/bin', '/usr/games', '/usr/local/games', '/usr/local/bin/android-sdk-macosx/', '/usr/local/bin/android-sdk-macosx/platform-tools/', '/Users/marcosschratzenstaller/workspace/wp-cli/bin'] var='PKGCONFIG' -> None
from /home/marcos/workspace/ns-3-allinone/ns-3-dev: Could not find the program ['pkg-config']
----------------------------------------------------------------
Checking for compilation flag -Wno-error=deprecated-d... support
==>
int main() { return 0; }
<==
[1/1] Compiling [32mbuild/.conf_check_80d72968145e1d01b16a8faf69fa48c6/test.cpp[0m

['/usr/bin/g++', '-O0', '-ggdb', '-g3', '-Wall', '-Werror', '-Wno-error=deprecated-declarations', '-DNS3_BUILD_PROFILE_DEBUG', '-DNS3_ASSERT_ENABLE', '-DNS3_LOG_ENABLE', '-DHAVE_SYS_IOCTL_H=1', '-DHAVE_IF_NETS_H=1', '-DHAVE_NET_ETHERNET_H=1', '-DHAVE_PACKET_H=1', '-DHAVE_IF_TUN_H=1', '../test.cpp', '-c', '-o', '/home/marcos/workspace/ns-3-allinone/ns-3-dev/build/.conf_check_80d72968145e1d01b16a8faf69fa48c6/testbuild/test.cpp.1.o']
ok
----------------------------------------------------------------
Checking for compilation flag -Wno-error=deprecated-d... support
==>
int main() { return 0; }
<==
[1/1] Compiling [32mbuild/.conf_check_16eb96a2f89dc05df222c1610e950265/test.c[0m

['/usr/bin/gcc', '-Wno-error=deprecated-declarations', '-DNS3_BUILD_PROFILE_DEBUG', '-DNS3_ASSERT_ENABLE', '-DNS3_LOG_ENABLE', '-DHAVE_SYS_IOCTL_H=1', '-DHAVE_IF_NETS_H=1', '-DHAVE_NET_ETHERNET_H=1', '-DHAVE_PACKET_H=1', '-DHAVE_IF_TUN_H=1', '../test.c', '-c', '-o', '/home/marcos/workspace/ns-3-allinone/ns-3-dev/build/.conf_check_16eb96a2f89dc05df222c1610e950265/testbuild/test.c.1.o']
ok
----------------------------------------------------------------
Checking for compilation flag -fstrict-aliasing... support
==>
int main() { return 0; }
<==
[1/1] Compiling [32mbuild/.conf_check_80d72968145e1d01b16a8faf69fa48c6/test.cpp[0m

['/usr/bin/g++', '-O0', '-ggdb', '-g3', '-Wall', '-Werror', '-Wno-error=deprecated-declarations', '-fstrict-aliasing', '-DNS3_BUILD_PROFILE_DEBUG', '-DNS3_ASSERT_ENABLE', '-DNS3_LOG_ENABLE', '-DHAVE_SYS_IOCTL_H=1', '-DHAVE_IF_NETS_H=1', '-DHAVE_NET_ETHERNET_H=1', '-DHAVE_PACKET_H=1', '-DHAVE_IF_TUN_H=1', '../test.cpp', '-c', '-o', '/home/marcos/workspace/ns-3-allinone/ns-3-dev/build/.conf_check_80d72968145e1d01b16a8faf69fa48c6/testbuild/test.cpp.1.o']
ok
----------------------------------------------------------------
Checking for compilation flag -fstrict-aliasing... support
==>
int main() { return 0; }
<==
[1/1] Compiling [32mbuild/.conf_check_16eb96a2f89dc05df222c1610e950265/test.c[0m

['/usr/bin/gcc', '-fstrict-aliasing', '-DNS3_BUILD_PROFILE_DEBUG', '-DNS3_ASSERT_ENABLE', '-DNS3_LOG_ENABLE', '-DHAVE_SYS_IOCTL_H=1', '-DHAVE_IF_NETS_H=1', '-DHAVE_NET_ETHERNET_H=1', '-DHAVE_PACKET_H=1', '-DHAVE_IF_TUN_H=1', '../test.c', '-c', '-o', '/home/marcos/workspace/ns-3-allinone/ns-3-dev/build/.conf_check_16eb96a2f89dc05df222c1610e950265/testbuild/test.c.1.o']
ok
----------------------------------------------------------------
Checking for compilation flag -Wstrict-aliasing... support
==>
int main() { return 0; }
<==
[1/1] Compiling [32mbuild/.conf_check_80d72968145e1d01b16a8faf69fa48c6/test.cpp[0m

['/usr/bin/g++', '-O0', '-ggdb', '-g3', '-Wall', '-Werror', '-Wno-error=deprecated-declarations', '-fstrict-aliasing', '-Wstrict-aliasing', '-DNS3_BUILD_PROFILE_DEBUG', '-DNS3_ASSERT_ENABLE', '-DNS3_LOG_ENABLE', '-DHAVE_SYS_IOCTL_H=1', '-DHAVE_IF_NETS_H=1', '-DHAVE_NET_ETHERNET_H=1', '-DHAVE_PACKET_H=1', '-DHAVE_IF_TUN_H=1', '../test.cpp', '-c', '-o', '/home/marcos/workspace/ns-3-allinone/ns-3-dev/build/.conf_check_80d72968145e1d01b16a8faf69fa48c6/testbuild/test.cpp.1.o']
ok
----------------------------------------------------------------
Checking for compilation flag -Wstrict-aliasing... support
==>
int main() { return 0; }
<==
[1/1] Compiling [32mbuild/.conf_check_16eb96a2f89dc05df222c1610e950265/test.c[0m

['/usr/bin/gcc', '-Wstrict-aliasing', '-DNS3_BUILD_PROFILE_DEBUG', '-DNS3_ASSERT_ENABLE', '-DNS3_LOG_ENABLE', '-DHAVE_SYS_IOCTL_H=1', '-DHAVE_IF_NETS_H=1', '-DHAVE_NET_ETHERNET_H=1', '-DHAVE_PACKET_H=1', '-DHAVE_IF_TUN_H=1', '../test.c', '-c', '-o', '/home/marcos/workspace/ns-3-allinone/ns-3-dev/build/.conf_check_16eb96a2f89dc05df222c1610e950265/testbuild/test.c.1.o']
ok
----------------------------------------------------------------
Checking for program 'doxygen'
not found
find program=['doxygen'] paths=['/usr/local/sbin', '/usr/local/bin', '/usr/sbin', '/usr/bin', '/sbin', '/bin', '/usr/games', '/usr/local/games', '/usr/local/bin/android-sdk-macosx/', '/usr/local/bin/android-sdk-macosx/platform-tools/', '/Users/marcosschratzenstaller/workspace/wp-cli/bin'] var='DOXYGEN' -> None
from /home/marcos/workspace/ns-3-allinone/ns-3-dev: Could not find the program ['doxygen']
